partnermobileapp/android/app/build/intermediates/manifest_merge_blame_file/debug/manifest-merger-blame-debug-report.txt
1<?xml version="1.0" encoding="utf-8"?>
2<manifest xmlns:android="http://schemas.android.com/apk/res/android"
3    package="com.partnermobileapp"
4    android:versionCode="1"
5    android:versionName="1.0" >
6
7    <uses-sdk
8        android:minSdkVersion="23"
9        android:targetSdkVersion="34" />
10
11    <uses-permission android:name="android.permission.POST_NOTIFICATIONS" />
11-->src\main\AndroidManifest.xml:4:5-77
11-->src\main\AndroidManifest.xml:4:22-74
12    <uses-permission android:name="android.permission.INTERNET" /> <!-- Add this line -->
12-->src\main\AndroidManifest.xml:3:5-67
12-->src\main\AndroidManifest.xml:3:22-64
13    <uses-permission android:name="android.permission.ACCESS_FINE_LOCATION" />
13-->src\main\AndroidManifest.xml:5:5-79
13-->src\main\AndroidManifest.xml:5:22-76
14    <uses-permission android:name="android.permission.ACCESS_COARSE_LOCATION" />
14-->src\main\AndroidManifest.xml:6:5-81
14-->src\main\AndroidManifest.xml:6:22-78
15    <uses-permission android:name="android.permission.ACCESS_BACKGROUND_LOCATION" />
15-->src\main\AndroidManifest.xml:7:5-85
15-->src\main\AndroidManifest.xml:7:22-82
16    <uses-permission android:name="android.permission.FOREGROUND_SERVICE" />
16-->src\main\AndroidManifest.xml:8:5-77
16-->src\main\AndroidManifest.xml:8:22-74
17    <uses-permission android:name="android.permission.WAKE_LOCK" />
17-->src\main\AndroidManifest.xml:9:5-68
17-->src\main\AndroidManifest.xml:9:22-65
18    <uses-permission android:name="android.permission.RECEIVE_BOOT_COMPLETED" />
18-->src\main\AndroidManifest.xml:10:5-81
18-->src\main\AndroidManifest.xml:10:22-78
19    <uses-permission
19-->src\main\AndroidManifest.xml:11:5-101
20        android:name="android.permission.USE_EXACT_ALARM"
20-->src\main\AndroidManifest.xml:11:49-98
21        android:minSdkVersion="34" />
21-->src\main\AndroidManifest.xml:11:22-48
22    <uses-permission android:name="android.permission.ACCESS_NETWORK_STATE" />
22-->[:react-native-firebase_auth] AndroidManifest.xml:9:5-79
22-->[:react-native-firebase_auth] AndroidManifest.xml:9:22-76
23    <!--
24    This manifest file is used only by Gradle to configure debug-only capabilities
25    for React Native Apps.
26    -->
27    <uses-permission android:name="android.permission.SYSTEM_ALERT_WINDOW" /> <!-- 用途：访问WLAN状态（网络定位使用） 涉及模块：融合定位、室内室外定位、地理围栏、众包 -->
27-->[com.facebook.react:react-android:0.74.5] AndroidManifest.xml:16:5-78
27-->[com.facebook.react:react-android:0.74.5] AndroidManifest.xml:16:22-75
28    <uses-permission android:name="android.permission.ACCESS_WIFI_STATE" /> <!-- 用途：改变WLAN状态的开关（网络定位使用） 涉及模块：融合定位、室内室外定位、地理围栏、众包 -->
28-->[com.huawei.hms.LocationLiteSdk:core:2.9.0.300] AndroidManifest.xml:16:5-76
28-->[com.huawei.hms.LocationLiteSdk:core:2.9.0.300] AndroidManifest.xml:16:22-73
29    <uses-permission android:name="android.permission.CHANGE_WIFI_STATE" /> <!-- Required by older versions of Google Play services to create IID tokens -->
29-->[com.huawei.hms.LocationLiteSdk:core:2.9.0.300] AndroidManifest.xml:17:5-76
29-->[com.huawei.hms.LocationLiteSdk:core:2.9.0.300] AndroidManifest.xml:17:22-73
30    <uses-permission android:name="com.google.android.c2dm.permission.RECEIVE" />
30-->[com.google.firebase:firebase-messaging:24.0.0] AndroidManifest.xml:26:5-82
30-->[com.google.firebase:firebase-messaging:24.0.0] AndroidManifest.xml:26:22-79
31    <uses-permission android:name="com.google.android.providers.gsf.permission.READ_GSERVICES" />
31-->[com.google.android.recaptcha:recaptcha:18.4.0] AndroidManifest.xml:9:5-98
31-->[com.google.android.recaptcha:recaptcha:18.4.0] AndroidManifest.xml:9:22-95
32
33    <uses-feature
33-->[com.mapbox.maps:android-core:10.18.0] AndroidManifest.xml:10:5-12:35
34        android:glEsVersion="0x00020000"
34-->[com.mapbox.maps:android-core:10.18.0] AndroidManifest.xml:11:9-41
35        android:required="true" />
35-->[com.mapbox.maps:android-core:10.18.0] AndroidManifest.xml:12:9-32
36    <uses-feature
36-->[com.mapbox.maps:android-core:10.18.0] AndroidManifest.xml:13:5-15:36
37        android:name="android.hardware.wifi"
37-->[com.mapbox.maps:android-core:10.18.0] AndroidManifest.xml:14:9-45
38        android:required="false" />
38-->[com.mapbox.maps:android-core:10.18.0] AndroidManifest.xml:15:9-33
39
40    <permission
40-->[androidx.core:core:1.9.0] AndroidManifest.xml:22:5-24:47
41        android:name="com.partnermobileapp.DYNAMIC_RECEIVER_NOT_EXPORTED_PERMISSION"
41-->[androidx.core:core:1.9.0] AndroidManifest.xml:23:9-81
42        android:protectionLevel="signature" />
42-->[androidx.core:core:1.9.0] AndroidManifest.xml:24:9-44
43
44    <uses-permission android:name="com.partnermobileapp.DYNAMIC_RECEIVER_NOT_EXPORTED_PERMISSION" />
44-->[androidx.core:core:1.9.0] AndroidManifest.xml:26:5-97
44-->[androidx.core:core:1.9.0] AndroidManifest.xml:26:22-94
45    <uses-permission
45-->[com.transistorsoft:tsbackgroundfetch:1.0.2] AndroidManifest.xml:9:5-11:38
46        android:name="android.permission.SCHEDULE_EXACT_ALARM"
46-->[com.transistorsoft:tsbackgroundfetch:1.0.2] AndroidManifest.xml:10:9-63
47        android:maxSdkVersion="33" />
47-->[com.transistorsoft:tsbackgroundfetch:1.0.2] AndroidManifest.xml:11:9-35
48    <uses-permission android:name="android.permission.ACTIVITY_RECOGNITION" />
48-->[com.transistorsoft:tslocationmanager-v21:3.5.5] AndroidManifest.xml:12:5-79
48-->[com.transistorsoft:tslocationmanager-v21:3.5.5] AndroidManifest.xml:12:22-76
49    <uses-permission android:name="com.google.android.gms.permission.ACTIVITY_RECOGNITION" />
49-->[com.transistorsoft:tslocationmanager-v21:3.5.5] AndroidManifest.xml:16:5-94
49-->[com.transistorsoft:tslocationmanager-v21:3.5.5] AndroidManifest.xml:16:22-91
50    <uses-permission android:name="com.huawei.hms.permission.ACTIVITY_RECOGNITION" />
50-->[com.transistorsoft:tslocationmanager-v21:3.5.5] AndroidManifest.xml:17:5-86
50-->[com.transistorsoft:tslocationmanager-v21:3.5.5] AndroidManifest.xml:17:22-83
51    <uses-permission android:name="android.permission.FOREGROUND_SERVICE_LOCATION" /> <!-- ENABLE FOR CrashDetector testing:  <uses-permission android:name="android.permission.HIGH_SAMPLING_RATE_SENSORS" /> -->
51-->[com.transistorsoft:tslocationmanager-v21:3.5.5] AndroidManifest.xml:21:5-86
51-->[com.transistorsoft:tslocationmanager-v21:3.5.5] AndroidManifest.xml:21:22-83
52    <!--
53    This permission overrids Android 12 restriction on starting foreground-serivces in background
54    but the permission is available only to "priveliged" apps (EMERGENCY apps)
55
56    <uses-permission android:name="android.permission.START_FOREGROUND_SERVICES_FROM_BACKGROUND" />
57    -->
58    <!-- device-specific permissions for DeviceSettings methods -->
59    <uses-permission android:name="oppo.permission.OPPO_COMPONENT_SAFE" />
59-->[com.transistorsoft:tslocationmanager-v21:3.5.5] AndroidManifest.xml:35:5-75
59-->[com.transistorsoft:tslocationmanager-v21:3.5.5] AndroidManifest.xml:35:22-72
60    <uses-permission android:name="com.huawei.permission.external_app_settings.USE_COMPONENT" />
60-->[com.transistorsoft:tslocationmanager-v21:3.5.5] AndroidManifest.xml:36:5-97
60-->[com.transistorsoft:tslocationmanager-v21:3.5.5] AndroidManifest.xml:36:22-94
61
62    <uses-feature
62-->[com.transistorsoft:tslocationmanager-v21:3.5.5] AndroidManifest.xml:38:5-40:36
63        android:name="android.hardware.location.gps"
63-->[com.transistorsoft:tslocationmanager-v21:3.5.5] AndroidManifest.xml:39:9-53
64        android:required="false" /> <!-- for android -->
64-->[com.transistorsoft:tslocationmanager-v21:3.5.5] AndroidManifest.xml:40:9-33
65    <!-- <uses-permission android:name="com.android.launcher.permission.READ_SETTINGS"/> -->
66    <!-- <uses-permission android:name="com.android.launcher.permission.WRITE_SETTINGS"/> -->
67    <!-- <uses-permission android:name="com.android.launcher.permission.INSTALL_SHORTCUT" /> -->
68    <!-- <uses-permission android:name="com.android.launcher.permission.UNINSTALL_SHORTCUT" /> -->
69    <!-- for Samsung -->
70    <uses-permission android:name="com.sec.android.provider.badge.permission.READ" />
70-->[me.leolin:ShortcutBadger:1.1.22] AndroidManifest.xml:19:5-86
70-->[me.leolin:ShortcutBadger:1.1.22] AndroidManifest.xml:19:22-83
71    <uses-permission android:name="com.sec.android.provider.badge.permission.WRITE" /> <!-- for htc -->
71-->[me.leolin:ShortcutBadger:1.1.22] AndroidManifest.xml:20:5-87
71-->[me.leolin:ShortcutBadger:1.1.22] AndroidManifest.xml:20:22-84
72    <uses-permission android:name="com.htc.launcher.permission.READ_SETTINGS" />
72-->[me.leolin:ShortcutBadger:1.1.22] AndroidManifest.xml:23:5-81
72-->[me.leolin:ShortcutBadger:1.1.22] AndroidManifest.xml:23:22-78
73    <uses-permission android:name="com.htc.launcher.permission.UPDATE_SHORTCUT" /> <!-- for sony -->
73-->[me.leolin:ShortcutBadger:1.1.22] AndroidManifest.xml:24:5-83
73-->[me.leolin:ShortcutBadger:1.1.22] AndroidManifest.xml:24:22-80
74    <uses-permission android:name="com.sonyericsson.home.permission.BROADCAST_BADGE" />
74-->[me.leolin:ShortcutBadger:1.1.22] AndroidManifest.xml:27:5-88
74-->[me.leolin:ShortcutBadger:1.1.22] AndroidManifest.xml:27:22-85
75    <uses-permission android:name="com.sonymobile.home.permission.PROVIDER_INSERT_BADGE" /> <!-- for apex -->
75-->[me.leolin:ShortcutBadger:1.1.22] AndroidManifest.xml:28:5-92
75-->[me.leolin:ShortcutBadger:1.1.22] AndroidManifest.xml:28:22-89
76    <uses-permission android:name="com.anddoes.launcher.permission.UPDATE_COUNT" /> <!-- for solid -->
76-->[me.leolin:ShortcutBadger:1.1.22] AndroidManifest.xml:31:5-84
76-->[me.leolin:ShortcutBadger:1.1.22] AndroidManifest.xml:31:22-81
77    <uses-permission android:name="com.majeur.launcher.permission.UPDATE_BADGE" /> <!-- for huawei -->
77-->[me.leolin:ShortcutBadger:1.1.22] AndroidManifest.xml:34:5-83
77-->[me.leolin:ShortcutBadger:1.1.22] AndroidManifest.xml:34:22-80
78    <uses-permission android:name="com.huawei.android.launcher.permission.CHANGE_BADGE" />
78-->[me.leolin:ShortcutBadger:1.1.22] AndroidManifest.xml:37:5-91
78-->[me.leolin:ShortcutBadger:1.1.22] AndroidManifest.xml:37:22-88
79    <uses-permission android:name="com.huawei.android.launcher.permission.READ_SETTINGS" />
79-->[me.leolin:ShortcutBadger:1.1.22] AndroidManifest.xml:38:5-92
79-->[me.leolin:ShortcutBadger:1.1.22] AndroidManifest.xml:38:22-89
80    <uses-permission android:name="com.huawei.android.launcher.permission.WRITE_SETTINGS" /> <!-- for ZUK -->
80-->[me.leolin:ShortcutBadger:1.1.22] AndroidManifest.xml:39:5-93
80-->[me.leolin:ShortcutBadger:1.1.22] AndroidManifest.xml:39:22-90
81    <uses-permission android:name="android.permission.READ_APP_BADGE" /> <!-- for OPPO -->
81-->[me.leolin:ShortcutBadger:1.1.22] AndroidManifest.xml:42:5-73
81-->[me.leolin:ShortcutBadger:1.1.22] AndroidManifest.xml:42:22-70
82    <uses-permission android:name="com.oppo.launcher.permission.READ_SETTINGS" />
82-->[me.leolin:ShortcutBadger:1.1.22] AndroidManifest.xml:45:5-82
82-->[me.leolin:ShortcutBadger:1.1.22] AndroidManifest.xml:45:22-79
83    <uses-permission android:name="com.oppo.launcher.permission.WRITE_SETTINGS" /> <!-- for EvMe -->
83-->[me.leolin:ShortcutBadger:1.1.22] AndroidManifest.xml:46:5-83
83-->[me.leolin:ShortcutBadger:1.1.22] AndroidManifest.xml:46:22-80
84    <uses-permission android:name="me.everything.badger.permission.BADGE_COUNT_READ" />
84-->[me.leolin:ShortcutBadger:1.1.22] AndroidManifest.xml:49:5-88
84-->[me.leolin:ShortcutBadger:1.1.22] AndroidManifest.xml:49:22-85
85    <uses-permission android:name="me.everything.badger.permission.BADGE_COUNT_WRITE" />
85-->[me.leolin:ShortcutBadger:1.1.22] AndroidManifest.xml:50:5-89
85-->[me.leolin:ShortcutBadger:1.1.22] AndroidManifest.xml:50:22-86
86
87    <queries>
87-->[com.huawei.hms:device:6.5.0.300] AndroidManifest.xml:14:5-21:15
88        <intent>
88-->[com.huawei.hms:device:6.5.0.300] AndroidManifest.xml:15:9-17:18
89            <action android:name="com.huawei.hms.core.aidlservice" />
89-->[com.huawei.hms:device:6.5.0.300] AndroidManifest.xml:16:13-70
89-->[com.huawei.hms:device:6.5.0.300] AndroidManifest.xml:16:21-67
90        </intent>
91        <intent>
91-->[com.huawei.hms:device:6.5.0.300] AndroidManifest.xml:18:9-20:18
92            <action android:name="com.huawei.hms.core" />
92-->[com.huawei.hms:device:6.5.0.300] AndroidManifest.xml:19:13-58
92-->[com.huawei.hms:device:6.5.0.300] AndroidManifest.xml:19:21-55
93        </intent>
94    </queries>
95
96    <application
96-->src\main\AndroidManifest.xml:12:5-43:19
97        android:name="com.partnermobileapp.MainApplication"
97-->src\main\AndroidManifest.xml:13:7-38
98        android:allowBackup="false"
98-->src\main\AndroidManifest.xml:17:7-34
99        android:appComponentFactory="androidx.core.app.CoreComponentFactory"
99-->[androidx.core:core:1.9.0] AndroidManifest.xml:28:18-86
100        android:debuggable="true"
101        android:extractNativeLibs="false"
102        android:icon="@mipmap/ic_launcher"
102-->src\main\AndroidManifest.xml:15:7-41
103        android:label="@string/app_name"
103-->src\main\AndroidManifest.xml:14:7-39
104        android:roundIcon="@mipmap/ic_launcher_round"
104-->src\main\AndroidManifest.xml:16:7-52
105        android:theme="@style/AppTheme"
105-->src\main\AndroidManifest.xml:18:7-38
106        android:usesCleartextTraffic="true" > <!-- react-native-background-geolocation license key -->
106-->src\debug\AndroidManifest.xml:8:9-44
107        <activity
107-->src\main\AndroidManifest.xml:21:7-33:18
108            android:name="com.partnermobileapp.MainActivity"
108-->src\main\AndroidManifest.xml:22:9-37
109            android:configChanges="keyboard|keyboardHidden|orientation|screenLayout|screenSize|smallestScreenSize|uiMode"
109-->src\main\AndroidManifest.xml:24:9-118
110            android:exported="true"
110-->src\main\AndroidManifest.xml:27:9-32
111            android:label="@string/app_name"
111-->src\main\AndroidManifest.xml:23:9-41
112            android:launchMode="singleTask"
112-->src\main\AndroidManifest.xml:25:9-40
113            android:windowSoftInputMode="adjustResize" >
113-->src\main\AndroidManifest.xml:26:9-51
114            <intent-filter>
114-->src\main\AndroidManifest.xml:28:9-31:25
115                <action android:name="android.intent.action.MAIN" />
115-->src\main\AndroidManifest.xml:29:13-65
115-->src\main\AndroidManifest.xml:29:21-62
116
117                <category android:name="android.intent.category.LAUNCHER" />
117-->src\main\AndroidManifest.xml:30:13-73
117-->src\main\AndroidManifest.xml:30:23-70
118            </intent-filter>
119        </activity>
120        <!--
121 <service
122        android:name="com.transistorsoft.locationmanager.service.TrackingService"
123        android:enabled="true"
124        android:exported="false"
125        android:foregroundServiceType="location" />
126        -->
127        <meta-data
127-->src\main\AndroidManifest.xml:39:9-134
128            android:name="com.transistorsoft.locationmanager.polygon.license"
128-->src\main\AndroidManifest.xml:39:20-85
129            android:value="YOUR_POLYGON_LICENCE_KEY_HERE" />
129-->src\main\AndroidManifest.xml:39:86-131
130        <meta-data
130-->src\main\AndroidManifest.xml:40:9-42:69
131            android:name="com.google.android.gms.version"
131-->src\main\AndroidManifest.xml:41:13-58
132            android:value="@integer/google_play_services_version" />
132-->src\main\AndroidManifest.xml:42:13-66
133
134        <service
134-->[:react-native-firebase_messaging] AndroidManifest.xml:12:9-14:40
135            android:name="io.invertase.firebase.messaging.ReactNativeFirebaseMessagingHeadlessService"
135-->[:react-native-firebase_messaging] AndroidManifest.xml:13:13-103
136            android:exported="false" />
136-->[:react-native-firebase_messaging] AndroidManifest.xml:14:13-37
137        <service
137-->[:react-native-firebase_messaging] AndroidManifest.xml:15:9-21:19
138            android:name="io.invertase.firebase.messaging.ReactNativeFirebaseMessagingService"
138-->[:react-native-firebase_messaging] AndroidManifest.xml:16:13-95
139            android:exported="false" >
139-->[:react-native-firebase_messaging] AndroidManifest.xml:17:13-37
140            <intent-filter>
140-->[:react-native-firebase_messaging] AndroidManifest.xml:18:13-20:29
141                <action android:name="com.google.firebase.MESSAGING_EVENT" />
141-->[:react-native-firebase_messaging] AndroidManifest.xml:19:17-78
141-->[:react-native-firebase_messaging] AndroidManifest.xml:19:25-75
142            </intent-filter>
143        </service>
144
145        <receiver
145-->[:react-native-firebase_messaging] AndroidManifest.xml:23:9-30:20
146            android:name="io.invertase.firebase.messaging.ReactNativeFirebaseMessagingReceiver"
146-->[:react-native-firebase_messaging] AndroidManifest.xml:24:13-96
147            android:exported="true"
147-->[:react-native-firebase_messaging] AndroidManifest.xml:25:13-36
148            android:permission="com.google.android.c2dm.permission.SEND" >
148-->[:react-native-firebase_messaging] AndroidManifest.xml:26:13-73
149            <intent-filter>
149-->[:react-native-firebase_messaging] AndroidManifest.xml:27:13-29:29
150                <action android:name="com.google.android.c2dm.intent.RECEIVE" />
150-->[:react-native-firebase_messaging] AndroidManifest.xml:28:17-81
150-->[:react-native-firebase_messaging] AndroidManifest.xml:28:25-78
151            </intent-filter>
152        </receiver>
153
154        <meta-data
154-->[:react-native-firebase_messaging] AndroidManifest.xml:32:9-34:36
155            android:name="firebase_messaging_auto_init_enabled"
155-->[:react-native-firebase_messaging] AndroidManifest.xml:33:13-64
156            android:value="true" />
156-->[:react-native-firebase_messaging] AndroidManifest.xml:34:13-33
157        <meta-data
157-->[:react-native-firebase_messaging] AndroidManifest.xml:35:9-37:32
158            android:name="com.google.firebase.messaging.default_notification_channel_id"
158-->[:react-native-firebase_messaging] AndroidManifest.xml:36:13-89
159            android:value="" />
159-->[:react-native-firebase_messaging] AndroidManifest.xml:37:13-29
160        <meta-data
160-->[:react-native-firebase_messaging] AndroidManifest.xml:38:9-40:47
161            android:name="com.google.firebase.messaging.default_notification_color"
161-->[:react-native-firebase_messaging] AndroidManifest.xml:39:13-84
162            android:resource="@color/white" />
162-->[:react-native-firebase_messaging] AndroidManifest.xml:40:13-44
163        <meta-data
163-->[:react-native-firebase_app] AndroidManifest.xml:9:9-11:36
164            android:name="app_data_collection_default_enabled"
164-->[:react-native-firebase_app] AndroidManifest.xml:10:13-63
165            android:value="true" />
165-->[:react-native-firebase_app] AndroidManifest.xml:11:13-33
166
167        <service
167-->[:react-native-firebase_app] AndroidManifest.xml:13:9-21:19
168            android:name="com.google.firebase.components.ComponentDiscoveryService"
168-->[:react-native-firebase_app] AndroidManifest.xml:14:13-84
169            android:directBootAware="true"
169-->[:react-native-firebase_app] AndroidManifest.xml:15:13-43
170            android:exported="false" >
170-->[:react-native-firebase_app] AndroidManifest.xml:16:13-37
171            <meta-data
171-->[:react-native-firebase_app] AndroidManifest.xml:18:13-20:85
172                android:name="com.google.firebase.components:io.invertase.firebase.app.ReactNativeFirebaseAppRegistrar"
172-->[:react-native-firebase_app] AndroidManifest.xml:19:17-120
173                android:value="com.google.firebase.components.ComponentRegistrar" />
173-->[:react-native-firebase_app] AndroidManifest.xml:20:17-82
174            <meta-data
174-->[com.google.firebase:firebase-auth:23.0.0] AndroidManifest.xml:69:13-71:85
175                android:name="com.google.firebase.components:com.google.firebase.auth.FirebaseAuthRegistrar"
175-->[com.google.firebase:firebase-auth:23.0.0] AndroidManifest.xml:70:17-109
176                android:value="com.google.firebase.components.ComponentRegistrar" />
176-->[com.google.firebase:firebase-auth:23.0.0] AndroidManifest.xml:71:17-82
177            <meta-data
177-->[com.google.firebase:firebase-firestore:25.0.0] AndroidManifest.xml:17:13-19:85
178                android:name="com.google.firebase.components:com.google.firebase.firestore.FirebaseFirestoreKtxRegistrar"
178-->[com.google.firebase:firebase-firestore:25.0.0] AndroidManifest.xml:18:17-122
179                android:value="com.google.firebase.components.ComponentRegistrar" />
179-->[com.google.firebase:firebase-firestore:25.0.0] AndroidManifest.xml:19:17-82
180            <meta-data
180-->[com.google.firebase:firebase-firestore:25.0.0] AndroidManifest.xml:20:13-22:85
181                android:name="com.google.firebase.components:com.google.firebase.firestore.FirestoreRegistrar"
181-->[com.google.firebase:firebase-firestore:25.0.0] AndroidManifest.xml:21:17-111
182                android:value="com.google.firebase.components.ComponentRegistrar" />
182-->[com.google.firebase:firebase-firestore:25.0.0] AndroidManifest.xml:22:17-82
183            <meta-data
183-->[com.google.firebase:firebase-messaging:24.0.0] AndroidManifest.xml:57:13-59:85
184                android:name="com.google.firebase.components:com.google.firebase.messaging.FirebaseMessagingKtxRegistrar"
184-->[com.google.firebase:firebase-messaging:24.0.0] AndroidManifest.xml:58:17-122
185                android:value="com.google.firebase.components.ComponentRegistrar" />
185-->[com.google.firebase:firebase-messaging:24.0.0] AndroidManifest.xml:59:17-82
186            <meta-data
186-->[com.google.firebase:firebase-messaging:24.0.0] AndroidManifest.xml:60:13-62:85
187                android:name="com.google.firebase.components:com.google.firebase.messaging.FirebaseMessagingRegistrar"
187-->[com.google.firebase:firebase-messaging:24.0.0] AndroidManifest.xml:61:17-119
188                android:value="com.google.firebase.components.ComponentRegistrar" />
188-->[com.google.firebase:firebase-messaging:24.0.0] AndroidManifest.xml:62:17-82
189            <meta-data
189-->[com.google.firebase:firebase-installations:18.0.0] AndroidManifest.xml:15:13-17:85
190                android:name="com.google.firebase.components:com.google.firebase.installations.FirebaseInstallationsKtxRegistrar"
190-->[com.google.firebase:firebase-installations:18.0.0] AndroidManifest.xml:16:17-130
191                android:value="com.google.firebase.components.ComponentRegistrar" />
191-->[com.google.firebase:firebase-installations:18.0.0] AndroidManifest.xml:17:17-82
192            <meta-data
192-->[com.google.firebase:firebase-installations:18.0.0] AndroidManifest.xml:18:13-20:85
193                android:name="com.google.firebase.components:com.google.firebase.installations.FirebaseInstallationsRegistrar"
193-->[com.google.firebase:firebase-installations:18.0.0] AndroidManifest.xml:19:17-127
194                android:value="com.google.firebase.components.ComponentRegistrar" />
194-->[com.google.firebase:firebase-installations:18.0.0] AndroidManifest.xml:20:17-82
195            <meta-data
195-->[com.google.firebase:firebase-common-ktx:21.0.0] AndroidManifest.xml:12:13-14:85
196                android:name="com.google.firebase.components:com.google.firebase.ktx.FirebaseCommonLegacyRegistrar"
196-->[com.google.firebase:firebase-common-ktx:21.0.0] AndroidManifest.xml:13:17-116
197                android:value="com.google.firebase.components.ComponentRegistrar" />
197-->[com.google.firebase:firebase-common-ktx:21.0.0] AndroidManifest.xml:14:17-82
198            <meta-data
198-->[com.google.firebase:firebase-common:21.0.0] AndroidManifest.xml:35:13-37:85
199                android:name="com.google.firebase.components:com.google.firebase.FirebaseCommonKtxRegistrar"
199-->[com.google.firebase:firebase-common:21.0.0] AndroidManifest.xml:36:17-109
200                android:value="com.google.firebase.components.ComponentRegistrar" />
200-->[com.google.firebase:firebase-common:21.0.0] AndroidManifest.xml:37:17-82
201            <meta-data
201-->[com.google.firebase:firebase-datatransport:18.2.0] AndroidManifest.xml:25:13-27:85
202                android:name="com.google.firebase.components:com.google.firebase.datatransport.TransportRegistrar"
202-->[com.google.firebase:firebase-datatransport:18.2.0] AndroidManifest.xml:26:17-115
203                android:value="com.google.firebase.components.ComponentRegistrar" />
203-->[com.google.firebase:firebase-datatransport:18.2.0] AndroidManifest.xml:27:17-82
204        </service>
205
206        <provider
206-->[:react-native-firebase_app] AndroidManifest.xml:23:9-27:38
207            android:name="io.invertase.firebase.app.ReactNativeFirebaseAppInitProvider"
207-->[:react-native-firebase_app] AndroidManifest.xml:24:13-88
208            android:authorities="com.partnermobileapp.reactnativefirebaseappinitprovider"
208-->[:react-native-firebase_app] AndroidManifest.xml:25:13-86
209            android:exported="false"
209-->[:react-native-firebase_app] AndroidManifest.xml:26:13-37
210            android:initOrder="99" />
210-->[:react-native-firebase_app] AndroidManifest.xml:27:13-35
211        <provider
211-->[:react-native-image-picker] AndroidManifest.xml:8:9-16:20
212            android:name="com.imagepicker.ImagePickerProvider"
212-->[:react-native-image-picker] AndroidManifest.xml:9:13-63
213            android:authorities="com.partnermobileapp.imagepickerprovider"
213-->[:react-native-image-picker] AndroidManifest.xml:10:13-71
214            android:exported="false"
214-->[:react-native-image-picker] AndroidManifest.xml:11:13-37
215            android:grantUriPermissions="true" >
215-->[:react-native-image-picker] AndroidManifest.xml:12:13-47
216            <meta-data
216-->[:react-native-image-picker] AndroidManifest.xml:13:13-15:70
217                android:name="android.support.FILE_PROVIDER_PATHS"
217-->[:react-native-image-picker] AndroidManifest.xml:14:17-67
218                android:resource="@xml/imagepicker_provider_paths" />
218-->[:react-native-image-picker] AndroidManifest.xml:15:17-67
219        </provider>
220
221        <activity
221-->[com.facebook.react:react-android:0.74.5] AndroidManifest.xml:19:9-21:40
222            android:name="com.facebook.react.devsupport.DevSettingsActivity"
222-->[com.facebook.react:react-android:0.74.5] AndroidManifest.xml:20:13-77
223            android:exported="false" />
223-->[com.facebook.react:react-android:0.74.5] AndroidManifest.xml:21:13-37
224        <activity
224-->[com.google.firebase:firebase-auth:23.0.0] AndroidManifest.xml:29:9-46:20
225            android:name="com.google.firebase.auth.internal.GenericIdpActivity"
225-->[com.google.firebase:firebase-auth:23.0.0] AndroidManifest.xml:30:13-80
226            android:excludeFromRecents="true"
226-->[com.google.firebase:firebase-auth:23.0.0] AndroidManifest.xml:31:13-46
227            android:exported="true"
227-->[com.google.firebase:firebase-auth:23.0.0] AndroidManifest.xml:32:13-36
228            android:launchMode="singleTask"
228-->[com.google.firebase:firebase-auth:23.0.0] AndroidManifest.xml:33:13-44
229            android:theme="@android:style/Theme.Translucent.NoTitleBar" >
229-->[com.google.firebase:firebase-auth:23.0.0] AndroidManifest.xml:34:13-72
230            <intent-filter>
230-->[com.google.firebase:firebase-auth:23.0.0] AndroidManifest.xml:35:13-45:29
231                <action android:name="android.intent.action.VIEW" />
231-->[com.google.firebase:firebase-auth:23.0.0] AndroidManifest.xml:36:17-69
231-->[com.google.firebase:firebase-auth:23.0.0] AndroidManifest.xml:36:25-66
232
233                <category android:name="android.intent.category.DEFAULT" />
233-->[com.google.firebase:firebase-auth:23.0.0] AndroidManifest.xml:38:17-76
233-->[com.google.firebase:firebase-auth:23.0.0] AndroidManifest.xml:38:27-73
234                <category android:name="android.intent.category.BROWSABLE" />
234-->[com.google.firebase:firebase-auth:23.0.0] AndroidManifest.xml:39:17-78
234-->[com.google.firebase:firebase-auth:23.0.0] AndroidManifest.xml:39:27-75
235
236                <data
236-->[com.google.firebase:firebase-auth:23.0.0] AndroidManifest.xml:41:17-44:51
237                    android:host="firebase.auth"
237-->[com.google.firebase:firebase-auth:23.0.0] AndroidManifest.xml:42:21-49
238                    android:path="/"
238-->[com.google.firebase:firebase-auth:23.0.0] AndroidManifest.xml:43:21-37
239                    android:scheme="genericidp" />
239-->[com.google.firebase:firebase-auth:23.0.0] AndroidManifest.xml:44:21-48
240            </intent-filter>
241        </activity>
242        <activity
242-->[com.google.firebase:firebase-auth:23.0.0] AndroidManifest.xml:47:9-64:20
243            android:name="com.google.firebase.auth.internal.RecaptchaActivity"
243-->[com.google.firebase:firebase-auth:23.0.0] AndroidManifest.xml:48:13-79
244            android:excludeFromRecents="true"
244-->[com.google.firebase:firebase-auth:23.0.0] AndroidManifest.xml:49:13-46
245            android:exported="true"
245-->[com.google.firebase:firebase-auth:23.0.0] AndroidManifest.xml:50:13-36
246            android:launchMode="singleTask"
246-->[com.google.firebase:firebase-auth:23.0.0] AndroidManifest.xml:51:13-44
247            android:theme="@android:style/Theme.Translucent.NoTitleBar" >
247-->[com.google.firebase:firebase-auth:23.0.0] AndroidManifest.xml:52:13-72
248            <intent-filter>
248-->[com.google.firebase:firebase-auth:23.0.0] AndroidManifest.xml:53:13-63:29
249                <action android:name="android.intent.action.VIEW" />
249-->[com.google.firebase:firebase-auth:23.0.0] AndroidManifest.xml:36:17-69
249-->[com.google.firebase:firebase-auth:23.0.0] AndroidManifest.xml:36:25-66
250